2026-05-06 00:28:26,894 - predictions.views - INFO - ѕользователь Oleg запросил предсказание
2026-05-06 00:28:26,905 - predictions.views - INFO - ѕредсказание сохранено, id=11
2026-05-06 00:28:29,923 - predictions.views - INFO - ѕользователь Oleg запросил предсказание
2026-05-06 00:28:29,936 - predictions.views - INFO - ѕредсказание сохранено, id=12
2026-05-06 00:32:06,986 - predictions.views - INFO - –Я–Њ–ї—М–Ј–Њ–≤–∞—В–µ–ї—М Oleg –Ј–∞–њ—А–Њ—Б–Є–ї –њ—А–µ–і—Б–Ї–∞–Ј–∞–љ–Є–µ
2026-05-06 00:32:07,000 - predictions.views - INFO - –Я—А–µ–і—Б–Ї–∞–Ј–∞–љ–Є–µ —Б–Њ—Е—А–∞–љ–µ–љ–Њ, id=13
2026-05-06 00:32:07,010 - predictions.views - INFO - –Я–Њ–ї—М–Ј–Њ–≤–∞—В–µ–ї—М Oleg –њ–Њ–ї—Г—З–Є–ї –і–Њ—Б—В–Є–ґ–µ–љ–Є–µ: рЯПЖ –Ч–љ–∞—В–Њ–Ї –Ї–∞—В–µ–≥–Њ—А–Є–є
2026-05-06 00:32:08,469 - predictions.views - INFO - –Я–Њ–ї—М–Ј–Њ–≤–∞—В–µ–ї—М Oleg –Ј–∞–њ—А–Њ—Б–Є–ї –њ—А–µ–і—Б–Ї–∞–Ј–∞–љ–Є–µ
2026-05-06 00:32:08,481 - predictions.views - INFO - –Я—А–µ–і—Б–Ї–∞–Ј–∞–љ–Є–µ —Б–Њ—Е—А–∞–љ–µ–љ–Њ, id=14
2026-05-06 08:23:09,553 - predictions.views - INFO - –Я–Њ–ї—М–Ј–Њ–≤–∞—В–µ–ї—М Oleg –Ј–∞–њ—А–Њ—Б–Є–ї –њ—А–µ–і—Б–Ї–∞–Ј–∞–љ–Є–µ
2026-05-06 08:23:09,583 - predictions.views - INFO - –Я—А–µ–і—Б–Ї–∞–Ј–∞–љ–Є–µ —Б–Њ—Е—А–∞–љ–µ–љ–Њ, id=15
2026-05-06 08:23:11,237 - predictions.views - INFO - –Я–Њ–ї—М–Ј–Њ–≤–∞—В–µ–ї—М Oleg –Ј–∞–њ—А–Њ—Б–Є–ї –њ—А–µ–і—Б–Ї–∞–Ј–∞–љ–Є–µ
2026-05-06 08:23:11,260 - predictions.views - INFO - –Я—А–µ–і—Б–Ї–∞–Ј–∞–љ–Є–µ —Б–Њ—Е—А–∞–љ–µ–љ–Њ, id=16
2026-05-06 08:23:12,225 - predictions.views - INFO - –Я–Њ–ї—М–Ј–Њ–≤–∞—В–µ–ї—М Oleg –Ј–∞–њ—А–Њ—Б–Є–ї –њ—А–µ–і—Б–Ї–∞–Ј–∞–љ–Є–µ
2026-05-06 08:23:12,260 - predictions.views - INFO - –Я—А–µ–і—Б–Ї–∞–Ј–∞–љ–Є–µ —Б–Њ—Е—А–∞–љ–µ–љ–Њ, id=17
2026-05-06 08:23:13,213 - predictions.views - INFO - –Я–Њ–ї—М–Ј–Њ–≤–∞—В–µ–ї—М Oleg –Ј–∞–њ—А–Њ—Б–Є–ї –њ—А–µ–і—Б–Ї–∞–Ј–∞–љ–Є–µ
2026-05-06 08:23:13,250 - predictions.views - INFO - –Я—А–µ–і—Б–Ї–∞–Ј–∞–љ–Є–µ —Б–Њ—Е—А–∞–љ–µ–љ–Њ, id=18
2026-05-06 09:52:22,415 - predictions.views - INFO - –Я–Њ–ї—М–Ј–Њ–≤–∞—В–µ–ї—М –Ь–Є—Б—О—З–µ–љ–Ї–Њ_–Р–љ–љ–∞ –Ј–∞–њ—А–Њ—Б–Є–ї –њ—А–µ–і—Б–Ї–∞–Ј–∞–љ–Є–µ
2026-05-06 09:52:22,462 - predictions.views - INFO - –Я—А–µ–і—Б–Ї–∞–Ј–∞–љ–Є–µ —Б–Њ—Е—А–∞–љ–µ–љ–Њ, id=19
2026-05-06 09:52:22,499 - predictions.views - INFO - –Я–Њ–ї—М–Ј–Њ–≤–∞—В–µ–ї—М –Ь–Є—Б—О—З–µ–љ–Ї–Њ_–Р–љ–љ–∞ –њ–Њ–ї—Г—З–Є–ї –і–Њ—Б—В–Є–ґ–µ–љ–Є–µ: рЯПЖ –Э–Њ–≤–Є—З–Њ–Ї
2026-05-06 09:52:33,306 - predictions.views - INFO - –Я–Њ–ї—М–Ј–Њ–≤–∞—В–µ–ї—М –Ь–Є—Б—О—З–µ–љ–Ї–Њ_–Р–љ–љ–∞ –Ј–∞–њ—А–Њ—Б–Є–ї –њ—А–µ–і—Б–Ї–∞–Ј–∞–љ–Є–µ
2026-05-06 09:52:33,356 - predictions.views - INFO - –Я—А–µ–і—Б–Ї–∞–Ј–∞–љ–Є–µ —Б–Њ—Е—А–∞–љ–µ–љ–Њ, id=20
